[02:58:21] [ServerMain/INFO]: [bootstrap] Running Java 21 (OpenJDK 64-Bit Server VM 21.0.7+6-Ubuntu-0ubuntu124.04; Ubuntu null) on Linux 6.8.0-1027-azure (amd64)
[02:58:21] [ServerMain/INFO]: [bootstrap] Loading Paper 1.21.8-10-main@c8a8c0e (2025-07-20T22:11:18Z) for Minecraft 1.21.8
[02:58:21] [ServerMain/INFO]: [PluginInitializerManager] Initializing plugins...
[02:58:23] [Paper Plugin Remapper Thread - 0/INFO]: [ReobfServer] Remapping server...
[02:58:32] [Paper Plugin Remapper Thread - 0/INFO]: [ReobfServer] Done remapping server in 9495ms.
[02:58:32] [Paper Plugin Remapper Thread - 2/INFO]: [PluginRemapper] Remapping plugin 'plugins/AngelChest-13.9.4.jar'...
[02:58:32] [Paper Plugin Remapper Thread - 3/INFO]: [PluginRemapper] Remapping plugin 'plugins/floodgate-spigot.jar'...
[02:58:33] [Paper Plugin Remapper Thread - 2/INFO]: [PluginRemapper] Done remapping plugin 'plugins/AngelChest-13.9.4.jar' in 1432ms.
[02:58:37] [Paper Plugin Remapper Thread - 3/INFO]: [PluginRemapper] Done remapping plugin 'plugins/floodgate-spigot.jar' in 4634ms.
[02:58:37] [ServerMain/INFO]: [PluginInitializerManager] Initialized 4 plugins
[02:58:37] [ServerMain/INFO]: [PluginInitializerManager] Bukkit plugins (4):
 - AngelChest (13.9.4), Geyser-Spigot (2.8.2-SNAPSHOT), ViaVersion (5.4.2-SNAPSHOT), floodgate (2.2.4-SNAPSHOT (b117-b469c0c))
[02:58:45] [ServerMain/INFO]: Environment: Environment[sessionHost=https://sessionserver.mojang.com, servicesHost=https://api.minecraftservices.com, name=PROD]
[02:58:49] [ServerMain/INFO]: Loaded 1407 recipes
[02:58:49] [ServerMain/INFO]: Loaded 1520 advancements
[02:58:49] [ServerMain/INFO]: [ca.spottedleaf.dataconverter.minecraft.datatypes.MCTypeRegistry] Initialising converters for DataConverter...
[02:58:49] [ServerMain/INFO]: [ca.spottedleaf.dataconverter.minecraft.datatypes.MCTypeRegistry] Finished initialising converters for DataConverter in 653.0ms
[02:58:49] [Server thread/INFO]: Starting minecraft server version 1.21.8
[02:58:49] [Server thread/INFO]: Loading properties
[02:58:49] [Server thread/INFO]: This server is running Paper version 1.21.8-10-main@c8a8c0e (2025-07-20T22:11:18Z) (Implementing API version 1.21.8-R0.1-SNAPSHOT)
[02:58:50] [Server thread/INFO]: [spark] This server bundles the spark profiler. For more information please visit https://docs.papermc.io/paper/profiling
[02:58:50] [Server thread/INFO]: Server Ping Player Sample Count: 12
[02:58:50] [Server thread/INFO]: Using 4 threads for Netty based IO
[02:58:51] [Server thread/INFO]: [MoonriseCommon] Paper is using 1 worker threads, 1 I/O threads
[02:58:51] [Server thread/INFO]: [ChunkTaskScheduler] Chunk system is using population gen parallelism: true
[02:58:51] [Server thread/INFO]: Default game type: SURVIVAL
[02:58:51] [Server thread/INFO]: Generating keypair
[02:58:51] [Server thread/INFO]: Starting Minecraft server on *:25565
[02:58:51] [Server thread/INFO]: Using epoll channel type
[02:58:51] [Server thread/INFO]: Paper: Using libdeflate (Linux x86_64) compression from Velocity.
[02:58:51] [Server thread/INFO]: Paper: Using OpenSSL 3.x.x (Linux x86_64) cipher from Velocity.
[02:58:52] [Server thread/INFO]: [floodgate] Loading server plugin floodgate v2.2.4-SNAPSHOT (b117-b469c0c)
[02:58:54] [Server thread/WARN]: [floodgate] en_ is not a supported Floodgate language.
[02:58:54] [Server thread/INFO]: [floodgate] Took 1,391ms to boot Floodgate
[02:58:54] [Server thread/INFO]: [ViaVersion] Loading server plugin ViaVersion v5.4.2-SNAPSHOT
[02:58:54] [Server thread/INFO]: [ViaVersion] ViaVersion 5.4.2-SNAPSHOT is now loaded. Registering protocol transformers and injecting...
[02:58:55] [Via-Mappingloader-0/INFO]: [ViaVersion] Loading block connection mappings ...
[02:58:55] [Via-Mappingloader-0/INFO]: [ViaVersion] Using FastUtil Long2ObjectOpenHashMap for block connections
[02:58:56] [Server thread/INFO]: [AngelChest] Loading server plugin AngelChest v13.9.4
[02:58:56] [Server thread/INFO]: [Geyser-Spigot] Loading server plugin Geyser-Spigot v2.8.2-SNAPSHOT
[02:58:58] [Server thread/INFO]: [Geyser-Spigot] Loading extensions...
[02:58:58] [Server thread/INFO]: [Geyser-Spigot] Loaded 0 extension(s)
[02:58:58] [Server thread/INFO]: Server permissions file permissions.yml is empty, ignoring it
[02:58:58] [Server thread/WARN]: **** SERVER IS RUNNING IN OFFLINE/INSECURE MODE!
[02:58:58] [Server thread/WARN]: The server will make no attempt to authenticate usernames. Beware.
[02:58:58] [Server thread/WARN]: While this makes the game possible to play without internet access, it also opens up the ability for hackers to connect with any username they choose.
[02:58:58] [Server thread/WARN]: To change this, set "online-mode" to "true" in the server.properties file.
[02:58:58] [Server thread/INFO]: Preparing level "world"
[02:58:59] [Server thread/INFO]: Preparing start region for dimension minecraft:overworld
[02:59:00] [Server thread/INFO]: Preparing spawn area: 0%
[02:59:00] [Server thread/INFO]: Preparing spawn area: 0%
[02:59:01] [Server thread/INFO]: Preparing spawn area: 0%
[02:59:01] [Server thread/INFO]: Preparing spawn area: 0%
[02:59:01] [Server thread/INFO]: Preparing spawn area: 0%
[02:59:01] [Server thread/INFO]: Time elapsed: 2417 ms
[02:59:01] [Server thread/INFO]: Preparing start region for dimension minecraft:the_nether
[02:59:01] [Server thread/INFO]: Preparing spawn area: 0%
[02:59:02] [Server thread/INFO]: Preparing spawn area: 14%
[02:59:02] [Server thread/INFO]: Time elapsed: 735 ms
[02:59:02] [Server thread/INFO]: Preparing start region for dimension minecraft:the_end
[02:59:02] [Server thread/INFO]: Preparing spawn area: 0%
[02:59:02] [Server thread/INFO]: Time elapsed: 263 ms
[02:59:02] [Server thread/INFO]: [floodgate] Enabling floodgate v2.2.4-SNAPSHOT (b117-b469c0c)
[02:59:03] [Server thread/INFO]: [ViaVersion] Enabling ViaVersion v5.4.2-SNAPSHOT
[02:59:03] [Server thread/INFO]: [ViaVersion] ViaVersion detected server version: 1.21.7-1.21.8 (772)
[02:59:03] [Server thread/WARN]: [ViaVersion] ViaVersion does not have any compatible versions for this server version!
[02:59:03] [Server thread/WARN]: [ViaVersion] ViaVersion only supports newer client versions. Use ViaBackwards to allow older versions (ViaRewind for 1.7/1.8) to join.
[02:59:03] [Server thread/WARN]: [ViaVersion] Get setup help at https://viaversion.com/setup or download ViaBackwards/ViaRewind directly at https://ci.viaversion.com/
[02:59:03] [Server thread/WARN]: [ViaVersion] Need more help? Join our Discord at https://viaversion.com/discord
[02:59:03] [Server thread/INFO]: [AngelChest] Enabling AngelChest v13.9.4
[02:59:03] [Server thread/INFO]: [AngelChest] groups.yml does not exist, skipping custom group settings.
[02:59:03] [Server thread/INFO]: [AngelChest] blacklist.yml does not exist, disabling item blacklist.
[02:59:03] [Server thread/INFO]: [AngelChest] Not using premium version, disabling Graveyards feature
[02:59:03] [Server thread/WARN]: [AngelChest] Could not add usage/description to command acopen
[02:59:03] [Server thread/INFO]: [AngelChest] Vault not installed, disabling economy functions.
[02:59:03] [Server thread/INFO]: [AngelChest] [ACF] Enabled Asynchronous Tab Completion Support!
[02:59:03] [Server thread/INFO]: [AngelChest] Successfully enabled AngelChest v13.9.4 (Premium: false)
[02:59:03] [Server thread/INFO]: [Geyser-Spigot] Enabling Geyser-Spigot v2.8.2-SNAPSHOT
[02:59:04] [Server thread/INFO]: [spark] Starting background profiler...
[02:59:06] [Server thread/INFO]: [Geyser-Spigot] ******************************************
[02:59:06] [Server thread/INFO]: [Geyser-Spigot] 
[02:59:06] [Server thread/INFO]: [Geyser-Spigot] Loading Geyser version 2.8.2-b887 (git-master-1f23d1d)
[02:59:06] [Server thread/INFO]: [Geyser-Spigot] 
[02:59:06] [Server thread/INFO]: [Geyser-Spigot] ******************************************
[02:59:14] [epollEventLoopGroup-3-1/INFO]: [Geyser-Spigot] Started Geyser on UDP port 3464
[02:59:14] [Server thread/INFO]: [Geyser-Spigot] Done (8.206s)! Run /geyser help for help!
[02:59:14] [Server thread/INFO]: Done preparing level "world" (16.336s)
[02:59:14] [Server thread/INFO]: Running delayed init tasks
[02:59:14] [Craft Scheduler Thread - 2 - ViaVersion/INFO]: [ViaVersion] Finished mapping loading, shutting down loader executor.
[02:59:14] [Server thread/INFO]: Done (54.859s)! For help, type "help"
[02:59:14] [Server thread/INFO]: [ViaVersion] You are running a development version of the plugin, please report any bugs to GitHub.
[02:59:17] [Server thread/INFO]: [AngelChest] ========================================================
[02:59:17] [Server thread/INFO]: [AngelChest] You are using the free version of AngelChest. There is
[02:59:17] [Server thread/INFO]: [AngelChest] also a premium version available, called AngelChestPlus.
[02:59:17] [Server thread/INFO]: [AngelChest] It includes TONS of new features and exclusive Discord
[02:59:17] [Server thread/INFO]: [AngelChest] support. The free version will still receive bugfixes,
[02:59:17] [Server thread/INFO]: [AngelChest] but there won't be ANY new features!
[02:59:17] [Server thread/INFO]: [AngelChest] If you like AngelChest, you will LOVE AngelChestPlus, so
[02:59:17] [Server thread/INFO]: [AngelChest] please consider upgrading! Thank you for using AngelChest.
[02:59:17] [Server thread/INFO]: [AngelChest] 
[02:59:17] [Server thread/INFO]: [AngelChest] https://www.spigotmc.org/resources/88214
[02:59:17] [Server thread/INFO]: [AngelChest] ========================================================
[02:59:25] [Server thread/INFO]: Stopping the server
[02:59:26] [Server thread/INFO]: Stopping server
[02:59:26] [Server thread/INFO]: [Geyser-Spigot] Disabling Geyser-Spigot v2.8.2-SNAPSHOT
[02:59:26] [Server thread/INFO]: [Geyser-Spigot] Shutting down Geyser.
[02:59:26] [Server thread/INFO]: [Geyser-Spigot] Kicking 1 player(s)
[02:59:26] [Server thread/INFO]: [Geyser-Spigot] Bedrock user with ip: /127.48.121.197 has disconnected for reason Apagando Geyser Proxy.
[02:59:26] [Server thread/INFO]: [Geyser-Spigot] Kicked all players!
[02:59:26] [Server thread/INFO]: [Geyser-Spigot] Geyser shutdown successfully.
[02:59:26] [Server thread/INFO]: [AngelChest] Disabling AngelChest v13.9.4
[02:59:26] [Server thread/INFO]: [ViaVersion] Disabling ViaVersion v5.4.2-SNAPSHOT
[02:59:26] [Server thread/INFO]: [ViaVersion] ViaVersion has been disabled; uninjected the platform and shut down the scheduler.
[02:59:26] [Server thread/INFO]: [floodgate] Disabling floodgate v2.2.4-SNAPSHOT (b117-b469c0c)
[02:59:26] [Server thread/INFO]: Saving players
[02:59:26] [Server thread/INFO]: Saving worlds
[02:59:26] [Server thread/INFO]: Saving chunks for level 'ServerLevel[world]'/minecraft:overworld
[02:59:26] [Server thread/INFO]: [ChunkHolderManager] Waiting 60s for chunk system to halt for world 'world'
[02:59:26] [Server thread/INFO]: [ChunkHolderManager] Halted chunk system for world 'world'
[02:59:26] [Server thread/INFO]: [ChunkHolderManager] Saving all chunkholders for world 'world'
[02:59:26] [WebSocketConnectReadThread-97/INFO]: [Geyser-Spigot] The skin uploader has been closed
[02:59:26] [Server thread/INFO]: [ChunkHolderManager] Saved 49 block chunks, 49 entity chunks, 0 poi chunks in world 'world' in 0.52s
[02:59:26] [Server thread/INFO]: [ChunkHolderManager] Waiting 60s for chunk I/O to halt for world 'world'
[02:59:26] [Server thread/INFO]: [ChunkHolderManager] Halted I/O scheduler for world 'world'
[02:59:26] [Server thread/INFO]: Saving chunks for level 'ServerLevel[world_nether]'/minecraft:the_nether
[02:59:26] [Server thread/INFO]: [ChunkHolderManager] Waiting 60s for chunk system to halt for world 'world_nether'
[02:59:26] [Server thread/INFO]: [ChunkHolderManager] Halted chunk system for world 'world_nether'
[02:59:26] [Server thread/INFO]: [ChunkHolderManager] Saving all chunkholders for world 'world_nether'
[02:59:27] [Server thread/INFO]: [ChunkHolderManager] Saved 49 block chunks, 49 entity chunks, 0 poi chunks in world 'world_nether' in 0.16s
[02:59:27] [Server thread/INFO]: [ChunkHolderManager] Waiting 60s for chunk I/O to halt for world 'world_nether'
[02:59:27] [Server thread/INFO]: [ChunkHolderManager] Halted I/O scheduler for world 'world_nether'
[02:59:27] [Server thread/INFO]: Saving chunks for level 'ServerLevel[world_the_end]'/minecraft:the_end
[02:59:27] [Server thread/INFO]: [ChunkHolderManager] Waiting 60s for chunk system to halt for world 'world_the_end'
[02:59:27] [Server thread/INFO]: [ChunkHolderManager] Halted chunk system for world 'world_the_end'
[02:59:27] [Server thread/INFO]: [ChunkHolderManager] Saving all chunkholders for world 'world_the_end'
[02:59:27] [Server thread/INFO]: [ChunkHolderManager] Saved 49 block chunks, 49 entity chunks, 0 poi chunks in world 'world_the_end' in 0.07s
[02:59:27] [Server thread/INFO]: [ChunkHolderManager] Waiting 60s for chunk I/O to halt for world 'world_the_end'
[02:59:27] [Server thread/INFO]: [ChunkHolderManager] Halted I/O scheduler for world 'world_the_end'
[02:59:27] [Server thread/INFO]: ThreadedAnvilChunkStorage (world): All chunks are saved
[02:59:27] [Server thread/INFO]: ThreadedAnvilChunkStorage (DIM-1): All chunks are saved
[02:59:27] [Server thread/INFO]: ThreadedAnvilChunkStorage (DIM1): All chunks are saved
[02:59:27] [Server thread/INFO]: ThreadedAnvilChunkStorage: All dimensions are saved
[02:59:27] [Server thread/INFO]: Waiting for all RegionFile I/O tasks to complete...
[02:59:27] [Server thread/INFO]: All RegionFile I/O tasks to complete
[02:59:27] [Server thread/INFO]: [MoonriseCommon] Awaiting termination of worker pool for up to 60s...
[02:59:27] [Server thread/INFO]: [MoonriseCommon] Awaiting termination of I/O pool for up to 60s...
